18:46:59.818 [main] DEBUG com.intuit.karate.Suite - [config] classpath:karate-config.js
18:47:00.892 [main] INFO  com.intuit.karate - karate.env system property was: null 
18:47:01.184 [main] DEBUG com.intuit.karate - request:
1 > GET https://jsonplaceholder.typicode.com/users
1 > Host: jsonplaceholder.typicode.com
1 > Connection: Keep-Alive
1 > User-Agent: Apache-HttpClient/4.5.13 (Java/17.0.1)
1 > Accept-Encoding: gzip,deflate


18:47:02.082 [main] DEBUG com.intuit.karate - response time in milliseconds: 891
1 < 200
1 < Date: Fri, 25 Nov 2022 00:47:02 GMT
1 < Content-Type: application/json; charset=utf-8
1 < Transfer-Encoding: chunked
1 < Connection: keep-alive
1 < X-Powered-By: Express
1 < X-Ratelimit-Limit: 1000
1 < X-Ratelimit-Remaining: 999
1 < X-Ratelimit-Reset: 1665468225
1 < Vary: Origin, Accept-Encoding
1 < Access-Control-Allow-Credentials: true
1 < Cache-Control: max-age=43200
1 < Pragma: no-cache
1 < Expires: -1
1 < X-Content-Type-Options: nosniff
1 < Etag: W/"160d-1eMSsxeJRfnVLRBmYJSbCiJZ1qQ"
1 < Via: 1.1 vegur
1 < CF-Cache-Status: HIT
1 < Age: 5345
1 < Server-Timing: cf-q-config;dur=6.0000020312145e-06
1 < Report-To: {"endpoints":[{"url":"https:\/\/a.nel.cloudflare.com\/report\/v3?s=EUdo7asWwTQWmZtPcNmvDJ1FLPC5agjcZR2mwZs26CmyZFkN1qT8Gc3zbuyxDOzqmTmDJh2VHH0iiQa51RmtJZZcB3EIuv7DN%2B%2BsaG6TPtdp5JMMgOv7JBzADs5QPIZt4I0%2FbJ598DHfs4e0nWHq"}],"group":"cf-nel","max_age":604800}
1 < NEL: {"success_fraction":0,"report_to":"cf-nel","max_age":604800}
1 < Server: cloudflare
1 < CF-RAY: 76f65eeb3c93e5c2-DFW
1 < alt-svc: h3=":443"; ma=86400, h3-29=":443"; ma=86400
[
  {
    "id": 1,
    "name": "Leanne Graham",
    "username": "Bret",
    "email": "Sincere@april.biz",
    "address": {
      "street": "Kulas Light",
      "suite": "Apt. 556",
      "city": "Gwenborough",
      "zipcode": "92998-3874",
      "geo": {
        "lat": "-37.3159",
        "lng": "81.1496"
      }
    },
    "phone": "1-770-736-8031 x56442",
    "website": "hildegard.org",
    "company": {
      "name": "Romaguera-Crona",
      "catchPhrase": "Multi-layered client-server neural-net",
      "bs": "harness real-time e-markets"
    }
  },
  {
    "id": 2,
    "name": "Ervin Howell",
    "username": "Antonette",
    "email": "Shanna@melissa.tv",
    "address": {
      "street": "Victor Plains",
      "suite": "Suite 879",
      "city": "Wisokyburgh",
      "zipcode": "90566-7771",
      "geo": {
        "lat": "-43.9509",
        "lng": "-34.4618"
      }
    },
    "phone": "010-692-6593 x09125",
    "website": "anastasia.net",
    "company": {
      "name": "Deckow-Crist",
      "catchPhrase": "Proactive didactic contingency",
      "bs": "synergize scalable supply-chains"
    }
  },
  {
    "id": 3,
    "name": "Clementine Bauch",
    "username": "Samantha",
    "email": "Nathan@yesenia.net",
    "address": {
      "street": "Douglas Extension",
      "suite": "Suite 847",
      "city": "McKenziehaven",
      "zipcode": "59590-4157",
      "geo": {
        "lat": "-68.6102",
        "lng": "-47.0653"
      }
    },
    "phone": "1-463-123-4447",
    "website": "ramiro.info",
    "company": {
      "name": "Romaguera-Jacobson",
      "catchPhrase": "Face to face bifurcated interface",
      "bs": "e-enable strategic applications"
    }
  },
  {
    "id": 4,
    "name": "Patricia Lebsack",
    "username": "Karianne",
    "email": "Julianne.OConner@kory.org",
    "address": {
      "street": "Hoeger Mall",
      "suite": "Apt. 692",
      "city": "South Elvis",
      "zipcode": "53919-4257",
      "geo": {
        "lat": "29.4572",
        "lng": "-164.2990"
      }
    },
    "phone": "493-170-9623 x156",
    "website": "kale.biz",
    "company": {
      "name": "Robel-Corkery",
      "catchPhrase": "Multi-tiered zero tolerance productivity",
      "bs": "transition cutting-edge web services"
    }
  },
  {
    "id": 5,
    "name": "Chelsey Dietrich",
    "username": "Kamren",
    "email": "Lucio_Hettinger@annie.ca",
    "address": {
      "street": "Skiles Walks",
      "suite": "Suite 351",
      "city": "Roscoeview",
      "zipcode": "33263",
      "geo": {
        "lat": "-31.8129",
        "lng": "62.5342"
      }
    },
    "phone": "(254)954-1289",
    "website": "demarco.info",
    "company": {
      "name": "Keebler LLC",
      "catchPhrase": "User-centric fault-tolerant solution",
      "bs": "revolutionize end-to-end systems"
    }
  },
  {
    "id": 6,
    "name": "Mrs. Dennis Schulist",
    "username": "Leopoldo_Corkery",
    "email": "Karley_Dach@jasper.info",
    "address": {
      "street": "Norberto Crossing",
      "suite": "Apt. 950",
      "city": "South Christy",
      "zipcode": "23505-1337",
      "geo": {
        "lat": "-71.4197",
        "lng": "71.7478"
      }
    },
    "phone": "1-477-935-8478 x6430",
    "website": "ola.org",
    "company": {
      "name": "Considine-Lockman",
      "catchPhrase": "Synchronised bottom-line interface",
      "bs": "e-enable innovative applications"
    }
  },
  {
    "id": 7,
    "name": "Kurtis Weissnat",
    "username": "Elwyn.Skiles",
    "email": "Telly.Hoeger@billy.biz",
    "address": {
      "street": "Rex Trail",
      "suite": "Suite 280",
      "city": "Howemouth",
      "zipcode": "58804-1099",
      "geo": {
        "lat": "24.8918",
        "lng": "21.8984"
      }
    },
    "phone": "210.067.6132",
    "website": "elvis.io",
    "company": {
      "name": "Johns Group",
      "catchPhrase": "Configurable multimedia task-force",
      "bs": "generate enterprise e-tailers"
    }
  },
  {
    "id": 8,
    "name": "Nicholas Runolfsdottir V",
    "username": "Maxime_Nienow",
    "email": "Sherwood@rosamond.me",
    "address": {
      "street": "Ellsworth Summit",
      "suite": "Suite 729",
      "city": "Aliyaview",
      "zipcode": "45169",
      "geo": {
        "lat": "-14.3990",
        "lng": "-120.7677"
      }
    },
    "phone": "586.493.6943 x140",
    "website": "jacynthe.com",
    "company": {
      "name": "Abernathy Group",
      "catchPhrase": "Implemented secondary concept",
      "bs": "e-enable extensible e-tailers"
    }
  },
  {
    "id": 9,
    "name": "Glenna Reichert",
    "username": "Delphine",
    "email": "Chaim_McDermott@dana.io",
    "address": {
      "street": "Dayna Park",
      "suite": "Suite 449",
      "city": "Bartholomebury",
      "zipcode": "76495-3109",
      "geo": {
        "lat": "24.6463",
        "lng": "-168.8889"
      }
    },
    "phone": "(775)976-6794 x41206",
    "website": "conrad.com",
    "company": {
      "name": "Yost and Sons",
      "catchPhrase": "Switchable contextually-based project",
      "bs": "aggregate real-time technologies"
    }
  },
  {
    "id": 10,
    "name": "Clementina DuBuque",
    "username": "Moriah.Stanton",
    "email": "Rey.Padberg@karina.biz",
    "address": {
      "street": "Kattie Turnpike",
      "suite": "Suite 198",
      "city": "Lebsackbury",
      "zipcode": "31428-2261",
      "geo": {
        "lat": "-38.2386",
        "lng": "57.2232"
      }
    },
    "phone": "024-648-3804",
    "website": "ambrose.net",
    "company": {
      "name": "Hoeger LLC",
      "catchPhrase": "Centralized empowering task-force",
      "bs": "target end-to-end models"
    }
  }
]

18:47:02.139 [main] DEBUG com.intuit.karate - request:
2 > GET https://jsonplaceholder.typicode.com/users/1
2 > Host: jsonplaceholder.typicode.com
2 > Connection: Keep-Alive
2 > User-Agent: Apache-HttpClient/4.5.13 (Java/17.0.1)
2 > Accept-Encoding: gzip,deflate


18:47:02.317 [main] DEBUG com.intuit.karate - response time in milliseconds: 177
2 < 200
2 < Date: Fri, 25 Nov 2022 00:47:03 GMT
2 < Content-Type: application/json; charset=utf-8
2 < Transfer-Encoding: chunked
2 < Connection: keep-alive
2 < X-Powered-By: Express
2 < X-Ratelimit-Limit: 1000
2 < X-Ratelimit-Remaining: 999
2 < X-Ratelimit-Reset: 1665532365
2 < Vary: Origin, Accept-Encoding
2 < Access-Control-Allow-Credentials: true
2 < Cache-Control: max-age=43200
2 < Pragma: no-cache
2 < Expires: -1
2 < X-Content-Type-Options: nosniff
2 < Etag: W/"1fd-+2Y3G3w049iSZtw5t1mzSnunngE"
2 < Via: 1.1 vegur
2 < CF-Cache-Status: REVALIDATED
2 < Server-Timing: cf-q-config;dur=6.9999950937927e-06
2 < Report-To: {"endpoints":[{"url":"https:\/\/a.nel.cloudflare.com\/report\/v3?s=PSiDhaa4jz8X7q1nbtt96whgV51%2FcaZig244fAYBECboDTcNWQkvhlfa5Ssd%2BBhEwsIgjOxXMsOsLC6WFWE2bCH7exh4KiQt21W%2F6r9JgaEcnaFApjdqVUD9N1983YoNHV5iqQ1biSelhuelcFDL"}],"group":"cf-nel","max_age":604800}
2 < NEL: {"success_fraction":0,"report_to":"cf-nel","max_age":604800}
2 < Server: cloudflare
2 < CF-RAY: 76f65eec38cde524-DFW
2 < alt-svc: h3=":443"; ma=86400, h3-29=":443"; ma=86400
{
  "id": 1,
  "name": "Leanne Graham",
  "username": "Bret",
  "email": "Sincere@april.biz",
  "address": {
    "street": "Kulas Light",
    "suite": "Apt. 556",
    "city": "Gwenborough",
    "zipcode": "92998-3874",
    "geo": {
      "lat": "-37.3159",
      "lng": "81.1496"
    }
  },
  "phone": "1-770-736-8031 x56442",
  "website": "hildegard.org",
  "company": {
    "name": "Romaguera-Crona",
    "catchPhrase": "Multi-layered client-server neural-net",
    "bs": "harness real-time e-markets"
  }
}

18:47:02.341 [main] INFO  com.intuit.karate - karate.env system property was: null 
18:47:02.448 [main] DEBUG com.intuit.karate - request:
1 > POST https://jsonplaceholder.typicode.com/users
1 > Content-Type: application/json; charset=UTF-8
1 > Content-Length: 160
1 > Host: jsonplaceholder.typicode.com
1 > Connection: Keep-Alive
1 > User-Agent: Apache-HttpClient/4.5.13 (Java/17.0.1)
1 > Accept-Encoding: gzip,deflate
{"name":"Test User","username":"testuser","email":"test@user.com","address":{"street":"Has No Name","suite":"Apt. 123","city":"Electri","zipcode":"54321-6789"}}

18:47:02.612 [main] DEBUG com.intuit.karate - response time in milliseconds: 164
1 < 201
1 < Date: Fri, 25 Nov 2022 00:47:03 GMT
1 < Content-Type: application/json; charset=utf-8
1 < Content-Length: 216
1 < Connection: keep-alive
1 < X-Powered-By: Express
1 < X-Ratelimit-Limit: 1000
1 < X-Ratelimit-Remaining: 998
1 < X-Ratelimit-Reset: 1669337272
1 < Vary: Origin, X-HTTP-Method-Override, Accept-Encoding
1 < Access-Control-Allow-Credentials: true
1 < Cache-Control: no-cache
1 < Pragma: no-cache
1 < Expires: -1
1 < Access-Control-Expose-Headers: Location
1 < Location: http://jsonplaceholder.typicode.com/users/11
1 < X-Content-Type-Options: nosniff
1 < Etag: W/"d8-pYV7+YuMGP2hxHPU9ARrf97ifDA"
1 < Via: 1.1 vegur
1 < CF-Cache-Status: DYNAMIC
1 < Server-Timing: cf-q-config;dur=5.0000016926788e-06
1 < Report-To: {"endpoints":[{"url":"https:\/\/a.nel.cloudflare.com\/report\/v3?s=YufQQQj3sTm3ySrjXyzcTSwWa9iFOqeGwY7rIFDVN6TOAkYaG%2BC%2F5NNWJb9%2BtGW3R64o5LT4DAohne5XxRw%2FN97FQN%2FHmXo9iSjh2IVo4v7kaqFYw6XTDCkb%2B7nE5hvtpWyYTU9idyEwL8J%2BFmLy"}],"group":"cf-nel","max_age":604800}
1 < NEL: {"success_fraction":0,"report_to":"cf-nel","max_age":604800}
1 < Server: cloudflare
1 < CF-RAY: 76f65eee187c283f-DFW
1 < alt-svc: h3=":443"; ma=86400, h3-29=":443"; ma=86400
{
  "name": "Test User",
  "username": "testuser",
  "email": "test@user.com",
  "address": {
    "street": "Has No Name",
    "suite": "Apt. 123",
    "city": "Electri",
    "zipcode": "54321-6789"
  },
  "id": 11
}

18:47:02.617 [main] INFO  com.intuit.karate - [print] created id is:  11 
19:14:29.728 [main] DEBUG com.intuit.karate.Suite - [config] classpath:karate-config.js
19:14:30.654 [main] INFO  com.intuit.karate - karate.env system property was: null 
19:14:30.945 [main] DEBUG com.intuit.karate - request:
1 > GET https://jsonplaceholder.typicode.com/users
1 > Host: jsonplaceholder.typicode.com
1 > Connection: Keep-Alive
1 > User-Agent: Apache-HttpClient/4.5.13 (Java/17.0.1)
1 > Accept-Encoding: gzip,deflate


19:14:31.221 [main] DEBUG com.intuit.karate - response time in milliseconds: 273
1 < 200
1 < Date: Fri, 25 Nov 2022 01:14:30 GMT
1 < Content-Type: application/json; charset=utf-8
1 < Transfer-Encoding: chunked
1 < Connection: keep-alive
1 < X-Powered-By: Express
1 < X-Ratelimit-Limit: 1000
1 < X-Ratelimit-Remaining: 999
1 < X-Ratelimit-Reset: 1665468225
1 < Vary: Origin, Accept-Encoding
1 < Access-Control-Allow-Credentials: true
1 < Cache-Control: max-age=43200
1 < Pragma: no-cache
1 < Expires: -1
1 < X-Content-Type-Options: nosniff
1 < Etag: W/"160d-1eMSsxeJRfnVLRBmYJSbCiJZ1qQ"
1 < Via: 1.1 vegur
1 < CF-Cache-Status: HIT
1 < Age: 6993
1 < Server-Timing: cf-q-config;dur=7.0000023697503e-06
1 < Report-To: {"endpoints":[{"url":"https:\/\/a.nel.cloudflare.com\/report\/v3?s=Isgbh7%2BqtDZ8gUAdIaLUiaZEKbV9nHbWtr4rAkNU3lUsvt9tUtwQ2FROMx3mKrxPwoxaEojXSnDV2%2BDOTu062atPdtHX7m3Kf3TYki7iOOxhWxsLGRXdjcFCDdx3ijIQ5K1HNNcrZ0bxEcN%2BH8eK"}],"group":"cf-nel","max_age":604800}
1 < NEL: {"success_fraction":0,"report_to":"cf-nel","max_age":604800}
1 < Server: cloudflare
1 < CF-RAY: 76f687226ed1e470-DFW
1 < alt-svc: h3=":443"; ma=86400, h3-29=":443"; ma=86400
[
  {
    "id": 1,
    "name": "Leanne Graham",
    "username": "Bret",
    "email": "Sincere@april.biz",
    "address": {
      "street": "Kulas Light",
      "suite": "Apt. 556",
      "city": "Gwenborough",
      "zipcode": "92998-3874",
      "geo": {
        "lat": "-37.3159",
        "lng": "81.1496"
      }
    },
    "phone": "1-770-736-8031 x56442",
    "website": "hildegard.org",
    "company": {
      "name": "Romaguera-Crona",
      "catchPhrase": "Multi-layered client-server neural-net",
      "bs": "harness real-time e-markets"
    }
  },
  {
    "id": 2,
    "name": "Ervin Howell",
    "username": "Antonette",
    "email": "Shanna@melissa.tv",
    "address": {
      "street": "Victor Plains",
      "suite": "Suite 879",
      "city": "Wisokyburgh",
      "zipcode": "90566-7771",
      "geo": {
        "lat": "-43.9509",
        "lng": "-34.4618"
      }
    },
    "phone": "010-692-6593 x09125",
    "website": "anastasia.net",
    "company": {
      "name": "Deckow-Crist",
      "catchPhrase": "Proactive didactic contingency",
      "bs": "synergize scalable supply-chains"
    }
  },
  {
    "id": 3,
    "name": "Clementine Bauch",
    "username": "Samantha",
    "email": "Nathan@yesenia.net",
    "address": {
      "street": "Douglas Extension",
      "suite": "Suite 847",
      "city": "McKenziehaven",
      "zipcode": "59590-4157",
      "geo": {
        "lat": "-68.6102",
        "lng": "-47.0653"
      }
    },
    "phone": "1-463-123-4447",
    "website": "ramiro.info",
    "company": {
      "name": "Romaguera-Jacobson",
      "catchPhrase": "Face to face bifurcated interface",
      "bs": "e-enable strategic applications"
    }
  },
  {
    "id": 4,
    "name": "Patricia Lebsack",
    "username": "Karianne",
    "email": "Julianne.OConner@kory.org",
    "address": {
      "street": "Hoeger Mall",
      "suite": "Apt. 692",
      "city": "South Elvis",
      "zipcode": "53919-4257",
      "geo": {
        "lat": "29.4572",
        "lng": "-164.2990"
      }
    },
    "phone": "493-170-9623 x156",
    "website": "kale.biz",
    "company": {
      "name": "Robel-Corkery",
      "catchPhrase": "Multi-tiered zero tolerance productivity",
      "bs": "transition cutting-edge web services"
    }
  },
  {
    "id": 5,
    "name": "Chelsey Dietrich",
    "username": "Kamren",
    "email": "Lucio_Hettinger@annie.ca",
    "address": {
      "street": "Skiles Walks",
      "suite": "Suite 351",
      "city": "Roscoeview",
      "zipcode": "33263",
      "geo": {
        "lat": "-31.8129",
        "lng": "62.5342"
      }
    },
    "phone": "(254)954-1289",
    "website": "demarco.info",
    "company": {
      "name": "Keebler LLC",
      "catchPhrase": "User-centric fault-tolerant solution",
      "bs": "revolutionize end-to-end systems"
    }
  },
  {
    "id": 6,
    "name": "Mrs. Dennis Schulist",
    "username": "Leopoldo_Corkery",
    "email": "Karley_Dach@jasper.info",
    "address": {
      "street": "Norberto Crossing",
      "suite": "Apt. 950",
      "city": "South Christy",
      "zipcode": "23505-1337",
      "geo": {
        "lat": "-71.4197",
        "lng": "71.7478"
      }
    },
    "phone": "1-477-935-8478 x6430",
    "website": "ola.org",
    "company": {
      "name": "Considine-Lockman",
      "catchPhrase": "Synchronised bottom-line interface",
      "bs": "e-enable innovative applications"
    }
  },
  {
    "id": 7,
    "name": "Kurtis Weissnat",
    "username": "Elwyn.Skiles",
    "email": "Telly.Hoeger@billy.biz",
    "address": {
      "street": "Rex Trail",
      "suite": "Suite 280",
      "city": "Howemouth",
      "zipcode": "58804-1099",
      "geo": {
        "lat": "24.8918",
        "lng": "21.8984"
      }
    },
    "phone": "210.067.6132",
    "website": "elvis.io",
    "company": {
      "name": "Johns Group",
      "catchPhrase": "Configurable multimedia task-force",
      "bs": "generate enterprise e-tailers"
    }
  },
  {
    "id": 8,
    "name": "Nicholas Runolfsdottir V",
    "username": "Maxime_Nienow",
    "email": "Sherwood@rosamond.me",
    "address": {
      "street": "Ellsworth Summit",
      "suite": "Suite 729",
      "city": "Aliyaview",
      "zipcode": "45169",
      "geo": {
        "lat": "-14.3990",
        "lng": "-120.7677"
      }
    },
    "phone": "586.493.6943 x140",
    "website": "jacynthe.com",
    "company": {
      "name": "Abernathy Group",
      "catchPhrase": "Implemented secondary concept",
      "bs": "e-enable extensible e-tailers"
    }
  },
  {
    "id": 9,
    "name": "Glenna Reichert",
    "username": "Delphine",
    "email": "Chaim_McDermott@dana.io",
    "address": {
      "street": "Dayna Park",
      "suite": "Suite 449",
      "city": "Bartholomebury",
      "zipcode": "76495-3109",
      "geo": {
        "lat": "24.6463",
        "lng": "-168.8889"
      }
    },
    "phone": "(775)976-6794 x41206",
    "website": "conrad.com",
    "company": {
      "name": "Yost and Sons",
      "catchPhrase": "Switchable contextually-based project",
      "bs": "aggregate real-time technologies"
    }
  },
  {
    "id": 10,
    "name": "Clementina DuBuque",
    "username": "Moriah.Stanton",
    "email": "Rey.Padberg@karina.biz",
    "address": {
      "street": "Kattie Turnpike",
      "suite": "Suite 198",
      "city": "Lebsackbury",
      "zipcode": "31428-2261",
      "geo": {
        "lat": "-38.2386",
        "lng": "57.2232"
      }
    },
    "phone": "024-648-3804",
    "website": "ambrose.net",
    "company": {
      "name": "Hoeger LLC",
      "catchPhrase": "Centralized empowering task-force",
      "bs": "target end-to-end models"
    }
  }
]

19:14:31.270 [main] DEBUG com.intuit.karate - request:
2 > GET https://jsonplaceholder.typicode.com/users/1
2 > Host: jsonplaceholder.typicode.com
2 > Connection: Keep-Alive
2 > User-Agent: Apache-HttpClient/4.5.13 (Java/17.0.1)
2 > Accept-Encoding: gzip,deflate


19:14:31.365 [main] DEBUG com.intuit.karate - response time in milliseconds: 94
2 < 200
2 < Date: Fri, 25 Nov 2022 01:14:30 GMT
2 < Content-Type: application/json; charset=utf-8
2 < Transfer-Encoding: chunked
2 < Connection: keep-alive
2 < X-Powered-By: Express
2 < X-Ratelimit-Limit: 1000
2 < X-Ratelimit-Remaining: 999
2 < X-Ratelimit-Reset: 1665669911
2 < Vary: Origin, Accept-Encoding
2 < Access-Control-Allow-Credentials: true
2 < Cache-Control: max-age=43200
2 < Pragma: no-cache
2 < Expires: -1
2 < X-Content-Type-Options: nosniff
2 < Etag: W/"1fd-+2Y3G3w049iSZtw5t1mzSnunngE"
2 < Via: 1.1 vegur
2 < CF-Cache-Status: HIT
2 < Age: 273
2 < Server-Timing: cf-q-config;dur=6.0000020312145e-06
2 < Report-To: {"endpoints":[{"url":"https:\/\/a.nel.cloudflare.com\/report\/v3?s=s8icuGCltYQ6XVPhRQPVE3DBQq9Sf0U5fLJe9nGwOe7W40dD5IIg69iwkKlIHBwJcaE75y%2BmrpYO8PSmCmiMtGvxCA6v%2BfpbwYsgb6aHRMw2FLpiFNiOZ4oF0aZCIRdAH4WRcDRgt%2BifWME%2FyfDJ"}],"group":"cf-nel","max_age":604800}
2 < NEL: {"success_fraction":0,"report_to":"cf-nel","max_age":604800}
2 < Server: cloudflare
2 < CF-RAY: 76f687236948eab0-DFW
2 < alt-svc: h3=":443"; ma=86400, h3-29=":443"; ma=86400
{
  "id": 1,
  "name": "Leanne Graham",
  "username": "Bret",
  "email": "Sincere@april.biz",
  "address": {
    "street": "Kulas Light",
    "suite": "Apt. 556",
    "city": "Gwenborough",
    "zipcode": "92998-3874",
    "geo": {
      "lat": "-37.3159",
      "lng": "81.1496"
    }
  },
  "phone": "1-770-736-8031 x56442",
  "website": "hildegard.org",
  "company": {
    "name": "Romaguera-Crona",
    "catchPhrase": "Multi-layered client-server neural-net",
    "bs": "harness real-time e-markets"
  }
}

19:14:31.384 [main] INFO  com.intuit.karate - karate.env system property was: null 
19:14:31.469 [main] DEBUG com.intuit.karate - request:
1 > POST https://jsonplaceholder.typicode.com/users
1 > Content-Type: application/json; charset=UTF-8
1 > Content-Length: 160
1 > Host: jsonplaceholder.typicode.com
1 > Connection: Keep-Alive
1 > User-Agent: Apache-HttpClient/4.5.13 (Java/17.0.1)
1 > Accept-Encoding: gzip,deflate
{"name":"Test User","username":"testuser","email":"test@user.com","address":{"street":"Has No Name","suite":"Apt. 123","city":"Electri","zipcode":"54321-6789"}}

19:14:31.661 [main] DEBUG com.intuit.karate - response time in milliseconds: 192
1 < 201
1 < Date: Fri, 25 Nov 2022 01:14:30 GMT
1 < Content-Type: application/json; charset=utf-8
1 < Content-Length: 216
1 < Connection: keep-alive
1 < X-Powered-By: Express
1 < X-Ratelimit-Limit: 1000
1 < X-Ratelimit-Remaining: 999
1 < X-Ratelimit-Reset: 1669338892
1 < Vary: Origin, X-HTTP-Method-Override, Accept-Encoding
1 < Access-Control-Allow-Credentials: true
1 < Cache-Control: no-cache
1 < Pragma: no-cache
1 < Expires: -1
1 < Access-Control-Expose-Headers: Location
1 < Location: http://jsonplaceholder.typicode.com/users/11
1 < X-Content-Type-Options: nosniff
1 < Etag: W/"d8-pYV7+YuMGP2hxHPU9ARrf97ifDA"
1 < Via: 1.1 vegur
1 < CF-Cache-Status: DYNAMIC
1 < Server-Timing: cf-q-config;dur=1.0000003385358e-05
1 < Report-To: {"endpoints":[{"url":"https:\/\/a.nel.cloudflare.com\/report\/v3?s=XdHe3oYLJlE%2BbMQKtYrA23gwY47hHGVhorXEe9CtAuT%2FINS9wGlue%2Bbos7hTVFkpvQ%2Fd%2B8G2YcjaYX5Q7EIGoQqUOI4UUA%2Bw%2B%2BwGLJXhMYuNk%2FB%2B620%2BmiNpvFfBTWeSJTo7%2B%2Bxs6X2X8EyBrywT"}],"group":"cf-nel","max_age":604800}
1 < NEL: {"success_fraction":0,"report_to":"cf-nel","max_age":604800}
1 < Server: cloudflare
1 < CF-RAY: 76f68724c900aa79-DFW
1 < alt-svc: h3=":443"; ma=86400, h3-29=":443"; ma=86400
{
  "name": "Test User",
  "username": "testuser",
  "email": "test@user.com",
  "address": {
    "street": "Has No Name",
    "suite": "Apt. 123",
    "city": "Electri",
    "zipcode": "54321-6789"
  },
  "id": 11
}

19:14:31.665 [main] INFO  com.intuit.karate - [print] created id is:  11 
19:27:56.789 [main] DEBUG com.intuit.karate.Suite - [config] classpath:karate-config.js
19:27:57.776 [main] INFO  com.intuit.karate - karate.env system property was: null 
19:27:58.079 [main] DEBUG com.intuit.karate - request:
1 > GET https://jsonplaceholder.typicode.com/users
1 > Host: jsonplaceholder.typicode.com
1 > Connection: Keep-Alive
1 > User-Agent: Apache-HttpClient/4.5.13 (Java/17.0.1)
1 > Accept-Encoding: gzip,deflate


19:27:58.379 [main] DEBUG com.intuit.karate - response time in milliseconds: 296
1 < 200
1 < Date: Fri, 25 Nov 2022 01:27:57 GMT
1 < Content-Type: application/json; charset=utf-8
1 < Transfer-Encoding: chunked
1 < Connection: keep-alive
1 < X-Powered-By: Express
1 < X-Ratelimit-Limit: 1000
1 < X-Ratelimit-Remaining: 999
1 < X-Ratelimit-Reset: 1665468225
1 < Vary: Origin, Accept-Encoding
1 < Access-Control-Allow-Credentials: true
1 < Cache-Control: max-age=43200
1 < Pragma: no-cache
1 < Expires: -1
1 < X-Content-Type-Options: nosniff
1 < Etag: W/"160d-1eMSsxeJRfnVLRBmYJSbCiJZ1qQ"
1 < Via: 1.1 vegur
1 < CF-Cache-Status: HIT
1 < Age: 7800
1 < Server-Timing: cf-q-config;dur=8.000002708286e-06
1 < Report-To: {"endpoints":[{"url":"https:\/\/a.nel.cloudflare.com\/report\/v3?s=2OQ%2Be3MDvdqZuLCA26ISEHqjj78Buue9vkC%2BJfGgLBvdO13GFBztYcO35xkBhdBUJr7PEkyHNgcIqDEfFJ29L%2BFEqA4ooXohHuiG2EBrTwG4FH0mOWaM96QRvGoSI4Ml1ii98MFywM%2B3ZQt9ib2e"}],"group":"cf-nel","max_age":604800}
1 < NEL: {"success_fraction":0,"report_to":"cf-nel","max_age":604800}
1 < Server: cloudflare
1 < CF-RAY: 76f69ad73960e514-DFW
1 < alt-svc: h3=":443"; ma=86400, h3-29=":443"; ma=86400
[
  {
    "id": 1,
    "name": "Leanne Graham",
    "username": "Bret",
    "email": "Sincere@april.biz",
    "address": {
      "street": "Kulas Light",
      "suite": "Apt. 556",
      "city": "Gwenborough",
      "zipcode": "92998-3874",
      "geo": {
        "lat": "-37.3159",
        "lng": "81.1496"
      }
    },
    "phone": "1-770-736-8031 x56442",
    "website": "hildegard.org",
    "company": {
      "name": "Romaguera-Crona",
      "catchPhrase": "Multi-layered client-server neural-net",
      "bs": "harness real-time e-markets"
    }
  },
  {
    "id": 2,
    "name": "Ervin Howell",
    "username": "Antonette",
    "email": "Shanna@melissa.tv",
    "address": {
      "street": "Victor Plains",
      "suite": "Suite 879",
      "city": "Wisokyburgh",
      "zipcode": "90566-7771",
      "geo": {
        "lat": "-43.9509",
        "lng": "-34.4618"
      }
    },
    "phone": "010-692-6593 x09125",
    "website": "anastasia.net",
    "company": {
      "name": "Deckow-Crist",
      "catchPhrase": "Proactive didactic contingency",
      "bs": "synergize scalable supply-chains"
    }
  },
  {
    "id": 3,
    "name": "Clementine Bauch",
    "username": "Samantha",
    "email": "Nathan@yesenia.net",
    "address": {
      "street": "Douglas Extension",
      "suite": "Suite 847",
      "city": "McKenziehaven",
      "zipcode": "59590-4157",
      "geo": {
        "lat": "-68.6102",
        "lng": "-47.0653"
      }
    },
    "phone": "1-463-123-4447",
    "website": "ramiro.info",
    "company": {
      "name": "Romaguera-Jacobson",
      "catchPhrase": "Face to face bifurcated interface",
      "bs": "e-enable strategic applications"
    }
  },
  {
    "id": 4,
    "name": "Patricia Lebsack",
    "username": "Karianne",
    "email": "Julianne.OConner@kory.org",
    "address": {
      "street": "Hoeger Mall",
      "suite": "Apt. 692",
      "city": "South Elvis",
      "zipcode": "53919-4257",
      "geo": {
        "lat": "29.4572",
        "lng": "-164.2990"
      }
    },
    "phone": "493-170-9623 x156",
    "website": "kale.biz",
    "company": {
      "name": "Robel-Corkery",
      "catchPhrase": "Multi-tiered zero tolerance productivity",
      "bs": "transition cutting-edge web services"
    }
  },
  {
    "id": 5,
    "name": "Chelsey Dietrich",
    "username": "Kamren",
    "email": "Lucio_Hettinger@annie.ca",
    "address": {
      "street": "Skiles Walks",
      "suite": "Suite 351",
      "city": "Roscoeview",
      "zipcode": "33263",
      "geo": {
        "lat": "-31.8129",
        "lng": "62.5342"
      }
    },
    "phone": "(254)954-1289",
    "website": "demarco.info",
    "company": {
      "name": "Keebler LLC",
      "catchPhrase": "User-centric fault-tolerant solution",
      "bs": "revolutionize end-to-end systems"
    }
  },
  {
    "id": 6,
    "name": "Mrs. Dennis Schulist",
    "username": "Leopoldo_Corkery",
    "email": "Karley_Dach@jasper.info",
    "address": {
      "street": "Norberto Crossing",
      "suite": "Apt. 950",
      "city": "South Christy",
      "zipcode": "23505-1337",
      "geo": {
        "lat": "-71.4197",
        "lng": "71.7478"
      }
    },
    "phone": "1-477-935-8478 x6430",
    "website": "ola.org",
    "company": {
      "name": "Considine-Lockman",
      "catchPhrase": "Synchronised bottom-line interface",
      "bs": "e-enable innovative applications"
    }
  },
  {
    "id": 7,
    "name": "Kurtis Weissnat",
    "username": "Elwyn.Skiles",
    "email": "Telly.Hoeger@billy.biz",
    "address": {
      "street": "Rex Trail",
      "suite": "Suite 280",
      "city": "Howemouth",
      "zipcode": "58804-1099",
      "geo": {
        "lat": "24.8918",
        "lng": "21.8984"
      }
    },
    "phone": "210.067.6132",
    "website": "elvis.io",
    "company": {
      "name": "Johns Group",
      "catchPhrase": "Configurable multimedia task-force",
      "bs": "generate enterprise e-tailers"
    }
  },
  {
    "id": 8,
    "name": "Nicholas Runolfsdottir V",
    "username": "Maxime_Nienow",
    "email": "Sherwood@rosamond.me",
    "address": {
      "street": "Ellsworth Summit",
      "suite": "Suite 729",
      "city": "Aliyaview",
      "zipcode": "45169",
      "geo": {
        "lat": "-14.3990",
        "lng": "-120.7677"
      }
    },
    "phone": "586.493.6943 x140",
    "website": "jacynthe.com",
    "company": {
      "name": "Abernathy Group",
      "catchPhrase": "Implemented secondary concept",
      "bs": "e-enable extensible e-tailers"
    }
  },
  {
    "id": 9,
    "name": "Glenna Reichert",
    "username": "Delphine",
    "email": "Chaim_McDermott@dana.io",
    "address": {
      "street": "Dayna Park",
      "suite": "Suite 449",
      "city": "Bartholomebury",
      "zipcode": "76495-3109",
      "geo": {
        "lat": "24.6463",
        "lng": "-168.8889"
      }
    },
    "phone": "(775)976-6794 x41206",
    "website": "conrad.com",
    "company": {
      "name": "Yost and Sons",
      "catchPhrase": "Switchable contextually-based project",
      "bs": "aggregate real-time technologies"
    }
  },
  {
    "id": 10,
    "name": "Clementina DuBuque",
    "username": "Moriah.Stanton",
    "email": "Rey.Padberg@karina.biz",
    "address": {
      "street": "Kattie Turnpike",
      "suite": "Suite 198",
      "city": "Lebsackbury",
      "zipcode": "31428-2261",
      "geo": {
        "lat": "-38.2386",
        "lng": "57.2232"
      }
    },
    "phone": "024-648-3804",
    "website": "ambrose.net",
    "company": {
      "name": "Hoeger LLC",
      "catchPhrase": "Centralized empowering task-force",
      "bs": "target end-to-end models"
    }
  }
]

19:27:58.435 [main] DEBUG com.intuit.karate - request:
2 > GET https://jsonplaceholder.typicode.com/users/1
2 > Host: jsonplaceholder.typicode.com
2 > Connection: Keep-Alive
2 > User-Agent: Apache-HttpClient/4.5.13 (Java/17.0.1)
2 > Accept-Encoding: gzip,deflate


19:27:58.545 [main] DEBUG com.intuit.karate - response time in milliseconds: 110
2 < 200
2 < Date: Fri, 25 Nov 2022 01:27:57 GMT
2 < Content-Type: application/json; charset=utf-8
2 < Transfer-Encoding: chunked
2 < Connection: keep-alive
2 < X-Powered-By: Express
2 < X-Ratelimit-Limit: 1000
2 < X-Ratelimit-Remaining: 999
2 < X-Ratelimit-Reset: 1666345477
2 < Vary: Origin, Accept-Encoding
2 < Access-Control-Allow-Credentials: true
2 < Cache-Control: max-age=43200
2 < Pragma: no-cache
2 < Expires: -1
2 < X-Content-Type-Options: nosniff
2 < Etag: W/"1fd-+2Y3G3w049iSZtw5t1mzSnunngE"
2 < Via: 1.1 vegur
2 < CF-Cache-Status: HIT
2 < Age: 7879
2 < Server-Timing: cf-q-config;dur=6.0000020312145e-06
2 < Report-To: {"endpoints":[{"url":"https:\/\/a.nel.cloudflare.com\/report\/v3?s=uLLJqyO3Bv9kUTYzzzvP1PtKCjoqWTry8wVoTg%2Bmkz%2BSWybXlUDJ%2BUkJsZIIOtOaZlJa0WCg4DctZeQwZThEcrGarfUotdtrWg2Fq4%2FVJzzcxG9wmJnKLiyyP%2Be5PB1mM2IrXwK2TBcHwh13J4iG"}],"group":"cf-nel","max_age":604800}
2 < NEL: {"success_fraction":0,"report_to":"cf-nel","max_age":604800}
2 < Server: cloudflare
2 < CF-RAY: 76f69ad839210c07-DFW
2 < alt-svc: h3=":443"; ma=86400, h3-29=":443"; ma=86400
{
  "id": 1,
  "name": "Leanne Graham",
  "username": "Bret",
  "email": "Sincere@april.biz",
  "address": {
    "street": "Kulas Light",
    "suite": "Apt. 556",
    "city": "Gwenborough",
    "zipcode": "92998-3874",
    "geo": {
      "lat": "-37.3159",
      "lng": "81.1496"
    }
  },
  "phone": "1-770-736-8031 x56442",
  "website": "hildegard.org",
  "company": {
    "name": "Romaguera-Crona",
    "catchPhrase": "Multi-layered client-server neural-net",
    "bs": "harness real-time e-markets"
  }
}

19:27:58.561 [main] INFO  com.intuit.karate - karate.env system property was: null 
19:27:58.645 [main] DEBUG com.intuit.karate - request:
1 > POST https://jsonplaceholder.typicode.com/users
1 > Content-Type: application/json; charset=UTF-8
1 > Content-Length: 160
1 > Host: jsonplaceholder.typicode.com
1 > Connection: Keep-Alive
1 > User-Agent: Apache-HttpClient/4.5.13 (Java/17.0.1)
1 > Accept-Encoding: gzip,deflate
{"name":"Test User","username":"testuser","email":"test@user.com","address":{"street":"Has No Name","suite":"Apt. 123","city":"Electri","zipcode":"54321-6789"}}

19:27:58.820 [main] DEBUG com.intuit.karate - response time in milliseconds: 174
1 < 201
1 < Date: Fri, 25 Nov 2022 01:27:57 GMT
1 < Content-Type: application/json; charset=utf-8
1 < Content-Length: 216
1 < Connection: keep-alive
1 < X-Powered-By: Express
1 < X-Ratelimit-Limit: 1000
1 < X-Ratelimit-Remaining: 999
1 < X-Ratelimit-Reset: 1669339732
1 < Vary: Origin, X-HTTP-Method-Override, Accept-Encoding
1 < Access-Control-Allow-Credentials: true
1 < Cache-Control: no-cache
1 < Pragma: no-cache
1 < Expires: -1
1 < Access-Control-Expose-Headers: Location
1 < Location: http://jsonplaceholder.typicode.com/users/11
1 < X-Content-Type-Options: nosniff
1 < Etag: W/"d8-pYV7+YuMGP2hxHPU9ARrf97ifDA"
1 < Via: 1.1 vegur
1 < CF-Cache-Status: DYNAMIC
1 < Server-Timing: cf-q-config;dur=4.9999944167212e-06
1 < Report-To: {"endpoints":[{"url":"https:\/\/a.nel.cloudflare.com\/report\/v3?s=CToR%2Fudc4W0s%2FsOwT3NAFVSyUHy0HIP70GfKAbrjJLyQX0LNeI4T%2FR%2Bq2x%2FCG%2B05poiwsc%2BN6AP6zoE%2FzFt9NhXg33ZUdKWX6cx8FxOc1wVXdWbJiZAYbX%2Bx197wtwpKm7FgFHfKi3Fb%2BM0IM%2FUa"}],"group":"cf-nel","max_age":604800}
1 < NEL: {"success_fraction":0,"report_to":"cf-nel","max_age":604800}
1 < Server: cloudflare
1 < CF-RAY: 76f69ad988f7e4db-DFW
1 < alt-svc: h3=":443"; ma=86400, h3-29=":443"; ma=86400
{
  "name": "Test User",
  "username": "testuser",
  "email": "test@user.com",
  "address": {
    "street": "Has No Name",
    "suite": "Apt. 123",
    "city": "Electri",
    "zipcode": "54321-6789"
  },
  "id": 11
}

19:27:58.826 [main] INFO  com.intuit.karate - [print] created id is:  11 
00:32:39.521 [main] INFO  com.intuit.karate.Suite - backed up existing 'target\karate-reports' dir to: target\karate-reports_1669530759513
00:32:40.704 [main] INFO  com.intuit.karate - [print] [
  {
    "cubeHeader.consumerReferenceIdentifier": "XYZ1234ABC",
    "cubeHeader.profileIdentifer": "ABCD",
    "cubeHeader.ewsPartyIndicator": "Y",
    "cubeHeader.requestedOverride.overrideReason": "ABCD",
    "cubeHeader.requestedOverride.overrideBureauName": "ABC",
    "cubeHeader.requestedOverride.suppressReuse": "true",
    "cubeHeader.datasetRequested.0": "ABC",
    "cubeHeader.datasetRequested.1": "XYZ",
    "cubeHeader.datasetRequested.2": "PQR",
    "cubeHeader.indendedUseofData.category": "ABC",
    "cubeHeader.indendedUseofData.subCategory": "AGJGH",
    "partyInformation.0.taxGovernmentIssuedSerialNumber": "00000",
    "partyInformation.0.partyRecordIdentifier": "99999",
    "partyInformation.0.birthDate": "1900-09-08",
    "partyInformation.0.primaryIndicator": "true",
    "partyInformation.0.personName.firstName": "OLOL",
    "partyInformation.0.personName.middleName": "OL",
    "partyInformation.0.personName.lastName": "OL",
    "partyInformation.0.personName.suffixName": "",
    "partyInformation.0.address.streetAddressNumber": "00",
    "partyInformation.0.address.streetName": "ABCD",
    "partyInformation.0.address.streetSuffixName": "ABCD",
    "partyInformation.0.address.streetPostDirectionCode": "FGF",
    "partyInformation.0.address.unitNumber": "00",
    "partyInformation.0.address.addressCityName": "DFGDF",
    "partyInformation.0.address.addressStateName": "DFGFDG",
    "partyInformation.0.address.addressPostCode": "4545454",
    "partyInformation.0.address.postOfficeBoxNumber": "66554",
    "partyInformation.0.address.ruralRouteNumber": "5655",
    "partyInformation.0.address.postalAddressTypeCode": "4543534",
    "partyInformation.0.phoneNumber": "44534",
    "partyInformation.0.creditFreezeOverridePIN": "4545",
    "creditDetailRequestReuseId": "FGFDGD"
  }
]
 
00:32:41.620 [main] INFO  com.intuit.karate.Suite - <<pass>> feature 1 of 1 (0 remaining) src/test/java/examples/users/csvdata.feature
00:39:42.768 [main] INFO  com.intuit.karate.Suite - backed up existing 'target\karate-reports' dir to: target\karate-reports_1669531182765
00:39:43.810 [main] INFO  com.intuit.karate - [print] [
  {
    "abcHeader.consRefId": "XYZ1234ABC",
    "abcHeader.profileIdentifer": "ABCD",
    "abcHeader.PartyIndicator": "Y",
    "abcHeader.requestedOverride.overrideReason": "ABCD",
    "abcHeader.requestedOverride.overrideName": "ABC",
    "abcHeader.requestedOverride.suppressReuse": "true",
    "abcHeader.datasetRequested.0": "ABC",
    "abcHeader.datasetRequested.1": "XYZ",
    "abcHeader.datasetRequested.2": "PQR",
    "abcHeader.indendedUseofData.category": "ABC",
    "abcHeader.indendedUseofData.subCategory": "AGJGH",
    "partyInformation.0.SerialNumber": "00000",
    "partyInformation.0.partyRecordIdentifier": "99999",
    "partyInformation.0.birthDate": "1900-09-08",
    "partyInformation.0.primaryIndicator": "true",
    "partyInformation.0.personName.firstName": "OLOL",
    "partyInformation.0.personName.middleName": "OL",
    "partyInformation.0.personName.lastName": "OL",
    "partyInformation.0.personName.suffixName": "",
    "partyInformation.0.address.sAddressNumber": "00",
    "partyInformation.0.address.sName": "ABCD",
    "partyInformation.0.address.streetSuffixName": "ABCD",
    "partyInformation.0.address.streetPostCode": "FGF",
    "partyInformation.0.address.unitNumber": "00",
    "partyInformation.0.address.CityName": "DFGDF",
    "partyInformation.0.address.StateName": "DFGFDG",
    "partyInformation.0.address.PostCode": "4545454",
    "partyInformation.0.address.postOfficeBoxNumber": "66554",
    "partyInformation.0.address.ruralRouteNumber": "5655",
    "partyInformation.0.address.postalAddressTypeCode": "4543534",
    "partyInformation.0.pNumber": "44534",
    "partyInformation.0.creditFreezeOverridePIN": "4545",
    "creditDetailReqId": "FGFDGD"
  }
]
 
00:39:44.429 [main] INFO  com.intuit.karate.Suite - <<pass>> feature 1 of 1 (0 remaining) src/test/java/examples/users/csvdata.feature
01:03:13.507 [main] INFO  com.intuit.karate.Suite - backed up existing 'target\karate-reports' dir to: target\karate-reports_1669532593505
01:03:14.479 [main] INFO  com.intuit.karate - [print] [
  {
    "abcinfo.consRefId1": "XYZ1234ABC",
    "abcinfo.consRefId2": "ABCD",
    "abcinfo.consRefId3": "Y",
    "abcinfo.preference.preferenceReason": "ABCD",
    "abcinfo.preference.preferenceName": "ABC",
    "abcinfo.preference.document": "true",
    "abcinfo.Requested.0": "ABC",
    "abcinfo.Requested.1": "XYZ",
    "abcinfo.Requested.2": "PQR",
    "abcinfo.indended.category": "ABC",
    "abcinfo.indended.subCategory": "AGJGH",
    "partyInformation.0.SerialNumber": "00000",
    "partyInformation.0.partyRecord": "99999",
    "partyInformation.0.bDate": "1900-09-08",
    "partyInformation.0.primaryIndicator": "true",
    "partyInformation.0.personName.fName": "OLOL",
    "partyInformation.0.personName.mName": "OL",
    "partyInformation.0.personName.lName": "OL",
    "partyInformation.0.personName.suffix": "",
    "partyInformation.0.address.sAddressNumber": "00",
    "partyInformation.0.address.sName": "ABCD",
    "partyInformation.0.address.streetSuffixName": "ABCD",
    "partyInformation.0.address.streetPostCode": "FGF",
    "partyInformation.0.address.unitNumber": "00",
    "partyInformation.0.address.City": "DFGDF",
    "partyInformation.0.address.State": "DFGFDG",
    "partyInformation.0.address.PostCode": "4545454",
    "partyInformation.0.address.postOfficeBoxNumber": "66554",
    "partyInformation.0.address.ruralRoNumber": "5655",
    "partyInformation.0.address.postalAddressTypeCode": "4543534",
    "partyInformation.0.pNumber": "44534",
    "partyInformation.0.workNumber": "4545",
    "reuseReqId": "FGFDGD"
  }
]
 
01:03:15.023 [main] INFO  com.intuit.karate.Suite - <<pass>> feature 1 of 1 (0 remaining) src/test/java/examples/users/csvdata.feature
01:05:48.402 [main] INFO  com.intuit.karate.Suite - backed up existing 'target\karate-reports' dir to: target\karate-reports_1669532748399
01:05:49.234 [main] INFO  com.intuit.karate - [print] [
  {
    "abcinfo.consRefId1": "XYZ1234ABC",
    "abcinfo.consRefId2": "ABCD",
    "abcinfo.consRefId3": "Y",
    "abcinfo.preference.preferenceReason": "ABCD",
    "abcinfo.preference.preferenceName": "ABC",
    "abcinfo.preference.document": "true",
    "abcinfo.Requested.0": "ABC",
    "abcinfo.Requested.1": "XYZ",
    "abcinfo.Requested.2": "PQR",
    "abcinfo.indended.category": "ABC",
    "abcinfo.indended.subCategory": "AGJGH",
    "partyInformation.0.SerialNumber": "00000",
    "partyInformation.0.partyRecord": "99999",
    "partyInformation.0.bDate": "1900-09-08",
    "partyInformation.0.primaryIndicator": "true",
    "partyInformation.0.personName.fName": "OLOL",
    "partyInformation.0.personName.mName": "OL",
    "partyInformation.0.personName.lName": "OL",
    "partyInformation.0.personName.suffix": "",
    "partyInformation.0.address.sAddressNumber": "00",
    "partyInformation.0.address.sName": "ABCD",
    "partyInformation.0.address.streetSuffixName": "ABCD",
    "partyInformation.0.address.streetPostCode": "FGF",
    "partyInformation.0.address.unitNumber": "00",
    "partyInformation.0.address.City": "DFGDF",
    "partyInformation.0.address.State": "DFGFDG",
    "partyInformation.0.address.PostCode": "4545454",
    "partyInformation.0.address.postOfficeBoxNumber": "66554",
    "partyInformation.0.address.ruralRoNumber": "5655",
    "partyInformation.0.address.postalAddressTypeCode": "4543534",
    "partyInformation.0.pNumber": "44534",
    "partyInformation.0.workNumber": "4545",
    "reuseReqId": "FGFDGD"
  },
  {
    "abcinfo.consRefId1": "XYZ1234ABC",
    "abcinfo.consRefId2": "KLIF",
    "abcinfo.consRefId3": "Y",
    "abcinfo.preference.preferenceReason": "FDF",
    "abcinfo.preference.preferenceName": "DFD",
    "abcinfo.preference.document": "true",
    "abcinfo.Requested.0": "DF",
    "abcinfo.Requested.1": "XYZ",
    "abcinfo.Requested.2": "PQR",
    "abcinfo.indended.category": "ABC",
    "abcinfo.indended.subCategory": "DFGD",
    "partyInformation.0.SerialNumber": "00000",
    "partyInformation.0.partyRecord": "99999",
    "partyInformation.0.bDate": "1980-09-08",
    "partyInformation.0.primaryIndicator": "false",
    "partyInformation.0.personName.fName": "POPO",
    "partyInformation.0.personName.mName": "PO",
    "partyInformation.0.personName.lName": "PO",
    "partyInformation.0.personName.suffix": "",
    "partyInformation.0.address.sAddressNumber": "00",
    "partyInformation.0.address.sName": "DFDFD",
    "partyInformation.0.address.streetSuffixName": "EREWR",
    "partyInformation.0.address.streetPostCode": "FGFDG",
    "partyInformation.0.address.unitNumber": "00",
    "partyInformation.0.address.City": "DFGDF",
    "partyInformation.0.address.State": "DFGFDG",
    "partyInformation.0.address.PostCode": "4545454",
    "partyInformation.0.address.postOfficeBoxNumber": "66554",
    "partyInformation.0.address.ruralRoNumber": "5655",
    "partyInformation.0.address.postalAddressTypeCode": "4543534",
    "partyInformation.0.pNumber": "44534",
    "partyInformation.0.workNumber": "4545",
    "reuseReqId": "FGFDGD"
  }
]
 
01:05:49.779 [main] INFO  com.intuit.karate.Suite - <<pass>> feature 1 of 1 (0 remaining) src/test/java/examples/users/csvdata.feature
01:07:32.084 [main] INFO  com.intuit.karate.Suite - backed up existing 'target\karate-reports' dir to: target\karate-reports_1669532852082
01:07:32.902 [main] INFO  com.intuit.karate - [print] [
  {
    "abcinfo.consRefId1": "XYZ1234ABC",
    "abcinfo.consRefId2": "ABCD",
    "abcinfo.consRefId3": "Y",
    "abcinfo.preference.preferenceReason": "ABCD",
    "abcinfo.preference.preferenceName": "ABC",
    "abcinfo.preference.document": "true",
    "abcinfo.Requested.0": "ABC",
    "abcinfo.Requested.1": "XYZ",
    "abcinfo.Requested.2": "PQR",
    "abcinfo.indended.category": "ABC",
    "abcinfo.indended.subCategory": "AGJGH",
    "partyInformation.0.SerialNumber": "00000",
    "partyInformation.0.partyRecord": "99999",
    "partyInformation.0.bDate": "1900-09-08",
    "partyInformation.0.primaryIndicator": "true",
    "partyInformation.0.personName.fName": "OLOL",
    "partyInformation.0.personName.mName": "OL",
    "partyInformation.0.personName.lName": "OL",
    "partyInformation.0.personName.suffix": "",
    "partyInformation.0.address.sAddressNumber": "00",
    "partyInformation.0.address.sName": "ABCD",
    "partyInformation.0.address.streetSuffixName": "ABCD",
    "partyInformation.0.address.streetPostCode": "FGF",
    "partyInformation.0.address.unitNumber": "00",
    "partyInformation.0.address.City": "DFGDF",
    "partyInformation.0.address.State": "DFGFDG",
    "partyInformation.0.address.PostCode": "4545454",
    "partyInformation.0.address.postOfficeBoxNumber": "66554",
    "partyInformation.0.address.ruralRoNumber": "5655",
    "partyInformation.0.address.postalAddressTypeCode": "4543534",
    "partyInformation.0.pNumber": "44534",
    "partyInformation.0.workNumber": "4545",
    "reuseReqId": "FGFDGD"
  }
]
 
01:07:33.409 [main] INFO  com.intuit.karate.Suite - <<pass>> feature 1 of 1 (0 remaining) src/test/java/examples/users/csvdata.feature
